[2021-03-31 11:06:01] app.ERROR: Data from PrestaShop Addons is invalid, and cannot fallback on cache.  {"exception":"cURL error 28: Operation timed out after 5000 milliseconds with 710490 bytes received"} []
[2021-03-31 11:06:01] app.INFO: Protect vendor folder in module contactform [] []
[2021-03-31 11:06:01] app.INFO: Module contactform has no vendor folder [] []
[2021-03-31 11:06:02] app.INFO: Protect vendor folder in module dashactivity [] []
[2021-03-31 11:06:02] app.INFO: Module dashactivity has no vendor folder [] []
[2021-03-31 11:06:03] app.INFO: Protect vendor folder in module dashgoals [] []
[2021-03-31 11:06:03] app.INFO: Module dashgoals has no vendor folder [] []
[2021-03-31 11:06:03] app.INFO: Protect vendor folder in module dashproducts [] []
[2021-03-31 11:06:03] app.INFO: Module dashproducts has no vendor folder [] []
[2021-03-31 11:06:04] app.INFO: Protect vendor folder in module dashtrends [] []
[2021-03-31 11:06:04] app.INFO: Module dashtrends has no vendor folder [] []
[2021-03-31 11:06:04] app.INFO: Protect vendor folder in module graphnvd3 [] []
[2021-03-31 11:06:04] app.INFO: Module graphnvd3 has no vendor folder [] []
[2021-03-31 11:06:04] app.INFO: Protect vendor folder in module gridhtml [] []
[2021-03-31 11:06:04] app.INFO: Module gridhtml has no vendor folder [] []
[2021-03-31 11:06:04] app.INFO: Protect vendor folder in module gsitemap [] []
[2021-03-31 11:06:04] app.INFO: Module gsitemap has no vendor folder [] []
[2021-03-31 11:06:05] app.INFO: Protect vendor folder in module pagesnotfound [] []
[2021-03-31 11:06:05] app.INFO: Module pagesnotfound has no vendor folder [] []
[2021-03-31 11:06:05] app.INFO: Protect vendor folder in module productcomments [] []
[2021-03-31 11:06:05] app.INFO: Module productcomments has no vendor folder [] []
[2021-03-31 11:06:06] app.INFO: Protect vendor folder in module ps_banner [] []
[2021-03-31 11:06:06] app.INFO: Module ps_banner has no vendor folder [] []
[2021-03-31 11:06:06] app.INFO: Protect vendor folder in module ps_categorytree [] []
[2021-03-31 11:06:06] app.INFO: Module ps_categorytree has no vendor folder [] []
[2021-03-31 11:06:06] app.INFO: Protect vendor folder in module ps_checkpayment [] []
[2021-03-31 11:06:06] app.INFO: Module ps_checkpayment has no vendor folder [] []
[2021-03-31 11:06:06] app.INFO: Protect vendor folder in module ps_contactinfo [] []
[2021-03-31 11:06:06] app.INFO: Module ps_contactinfo has no vendor folder [] []
[2021-03-31 11:06:06] app.INFO: Protect vendor folder in module ps_crossselling [] []
[2021-03-31 11:06:06] app.INFO: Module ps_crossselling has no vendor folder [] []
[2021-03-31 11:06:06] app.INFO: Protect vendor folder in module ps_currencyselector [] []
[2021-03-31 11:06:06] app.INFO: Module ps_currencyselector has no vendor folder [] []
[2021-03-31 11:06:07] app.INFO: Protect vendor folder in module ps_customeraccountlinks [] []
[2021-03-31 11:06:07] app.INFO: Module ps_customeraccountlinks has no vendor folder [] []
[2021-03-31 11:06:07] app.INFO: Protect vendor folder in module ps_customersignin [] []
[2021-03-31 11:06:07] app.INFO: Module ps_customersignin has no vendor folder [] []
[2021-03-31 11:06:07] app.INFO: Protect vendor folder in module ps_customtext [] []
[2021-03-31 11:06:07] app.INFO: Module ps_customtext has no vendor folder [] []
[2021-03-31 11:06:07] app.INFO: Protect vendor folder in module ps_dataprivacy [] []
[2021-03-31 11:06:07] app.INFO: Module ps_dataprivacy has no vendor folder [] []
[2021-03-31 11:06:08] app.INFO: Protect vendor folder in module ps_emailsubscription [] []
[2021-03-31 11:06:08] app.INFO: Module ps_emailsubscription has no vendor folder [] []
[2021-03-31 11:06:09] app.INFO: Protect vendor folder in module ps_facetedsearch [] []
[2021-03-31 11:06:09] app.INFO: Module ps_facetedsearch has no vendor folder [] []
[2021-03-31 11:06:09] app.INFO: Protect vendor folder in module ps_faviconnotificationbo [] []
[2021-03-31 11:06:09] app.INFO: Module ps_faviconnotificationbo has no vendor folder [] []
[2021-03-31 11:06:10] app.INFO: Protect vendor folder in module ps_featuredproducts [] []
[2021-03-31 11:06:10] app.INFO: Module ps_featuredproducts has no vendor folder [] []
[2021-03-31 11:06:10] app.INFO: Protect vendor folder in module ps_imageslider [] []
[2021-03-31 11:06:10] app.INFO: Module ps_imageslider has no vendor folder [] []
[2021-03-31 11:06:10] app.INFO: Protect vendor folder in module ps_languageselector [] []
[2021-03-31 11:06:10] app.INFO: Module ps_languageselector has no vendor folder [] []
[2021-03-31 11:06:11] app.INFO: Protect vendor folder in module ps_linklist [] []
[2021-03-31 11:06:11] app.INFO: Module ps_linklist has no vendor folder [] []
[2021-03-31 11:06:11] app.ERROR: Cannot register tab "AdminLinkWidget" because it already exists [] []
[2021-03-31 11:06:11] app.INFO: Protect vendor folder in module ps_mainmenu [] []
[2021-03-31 11:06:11] app.INFO: Module ps_mainmenu has no vendor folder [] []
[2021-03-31 11:06:11] app.INFO: Protect vendor folder in module ps_searchbar [] []
[2021-03-31 11:06:11] app.INFO: Module ps_searchbar has no vendor folder [] []
[2021-03-31 11:06:12] app.INFO: Protect vendor folder in module ps_sharebuttons [] []
[2021-03-31 11:06:12] app.INFO: Module ps_sharebuttons has no vendor folder [] []
[2021-03-31 11:06:12] app.INFO: Protect vendor folder in module ps_shoppingcart [] []
[2021-03-31 11:06:12] app.INFO: Module ps_shoppingcart has no vendor folder [] []
[2021-03-31 11:06:12] app.INFO: Protect vendor folder in module ps_socialfollow [] []
[2021-03-31 11:06:12] app.INFO: Module ps_socialfollow has no vendor folder [] []
[2021-03-31 11:06:12] app.INFO: Protect vendor folder in module ps_themecusto [] []
[2021-03-31 11:06:12] app.INFO: Module ps_themecusto has no vendor folder [] []
[2021-03-31 11:06:13] app.INFO: Protect vendor folder in module ps_wirepayment [] []
[2021-03-31 11:06:13] app.INFO: Module ps_wirepayment has no vendor folder [] []
[2021-03-31 11:06:13] app.INFO: Protect vendor folder in module sekeywords [] []
[2021-03-31 11:06:13] app.INFO: Module sekeywords has no vendor folder [] []
[2021-03-31 11:06:13] app.INFO: Protect vendor folder in module statsbestcategories [] []
[2021-03-31 11:06:13] app.INFO: Module statsbestcategories has no vendor folder [] []
[2021-03-31 11:06:13] app.INFO: Protect vendor folder in module statsbestcustomers [] []
[2021-03-31 11:06:13] app.INFO: Module statsbestcustomers has no vendor folder [] []
[2021-03-31 11:06:13] app.INFO: Protect vendor folder in module statsbestproducts [] []
[2021-03-31 11:06:13] app.INFO: Module statsbestproducts has no vendor folder [] []
[2021-03-31 11:06:13] app.INFO: Protect vendor folder in module statsbestsuppliers [] []
[2021-03-31 11:06:13] app.INFO: Module statsbestsuppliers has no vendor folder [] []
[2021-03-31 11:06:13] app.INFO: Protect vendor folder in module statsbestvouchers [] []
[2021-03-31 11:06:13] app.INFO: Module statsbestvouchers has no vendor folder [] []
[2021-03-31 11:06:14] app.INFO: Protect vendor folder in module statscarrier [] []
[2021-03-31 11:06:14] app.INFO: Module statscarrier has no vendor folder [] []
[2021-03-31 11:06:14] app.INFO: Protect vendor folder in module statscatalog [] []
[2021-03-31 11:06:14] app.INFO: Module statscatalog has no vendor folder [] []
[2021-03-31 11:06:14] app.INFO: Protect vendor folder in module statscheckup [] []
[2021-03-31 11:06:14] app.INFO: Module statscheckup has no vendor folder [] []
[2021-03-31 11:06:14] app.INFO: Protect vendor folder in module statsdata [] []
[2021-03-31 11:06:14] app.INFO: Module statsdata has no vendor folder [] []
[2021-03-31 11:06:14] app.INFO: Protect vendor folder in module statsequipment [] []
[2021-03-31 11:06:14] app.INFO: Module statsequipment has no vendor folder [] []
[2021-03-31 11:06:14] app.INFO: Protect vendor folder in module statsforecast [] []
[2021-03-31 11:06:14] app.INFO: Module statsforecast has no vendor folder [] []
[2021-03-31 11:06:14] app.INFO: Protect vendor folder in module statslive [] []
[2021-03-31 11:06:14] app.INFO: Module statslive has no vendor folder [] []
[2021-03-31 11:06:15] app.INFO: Protect vendor folder in module statsnewsletter [] []
[2021-03-31 11:06:15] app.INFO: Module statsnewsletter has no vendor folder [] []
[2021-03-31 11:06:15] app.INFO: Protect vendor folder in module statsorigin [] []
[2021-03-31 11:06:15] app.INFO: Module statsorigin has no vendor folder [] []
[2021-03-31 11:06:15] app.INFO: Protect vendor folder in module statspersonalinfos [] []
[2021-03-31 11:06:15] app.INFO: Module statspersonalinfos has no vendor folder [] []
[2021-03-31 11:06:15] app.INFO: Protect vendor folder in module statsproduct [] []
[2021-03-31 11:06:15] app.INFO: Module statsproduct has no vendor folder [] []
[2021-03-31 11:06:15] app.INFO: Protect vendor folder in module statsregistrations [] []
[2021-03-31 11:06:15] app.INFO: Module statsregistrations has no vendor folder [] []
[2021-03-31 11:06:15] app.INFO: Protect vendor folder in module statssales [] []
[2021-03-31 11:06:15] app.INFO: Module statssales has no vendor folder [] []
[2021-03-31 11:06:15] app.INFO: Protect vendor folder in module statssearch [] []
[2021-03-31 11:06:15] app.INFO: Module statssearch has no vendor folder [] []
[2021-03-31 11:06:15] app.INFO: Protect vendor folder in module statsstock [] []
[2021-03-31 11:06:16] app.INFO: Module statsstock has no vendor folder [] []
[2021-03-31 11:06:16] app.INFO: Protect vendor folder in module statsvisits [] []
[2021-03-31 11:06:16] app.INFO: Module statsvisits has no vendor folder [] []
[2021-03-31 11:06:16] app.INFO: Protect vendor folder in module welcome [] []
[2021-03-31 11:06:16] app.INFO: Module welcome has no vendor folder [] []
[2021-03-31 11:06:18] app.INFO: Exporting mail with theme modern for language English (English) [] []
[2021-03-31 11:06:18] app.INFO: Core output folder: /var/www/html/prestashop/mails [] []
[2021-03-31 11:06:18] app.INFO: Modules output folder: /var/www/html/prestashop/modules/ [] []
[2021-03-31 11:09:45] app.INFO: Protect vendor folder in module contactform [] []
[2021-03-31 11:09:45] app.INFO: Module contactform has no vendor folder [] []
[2021-03-31 11:09:45] app.INFO: Protect vendor folder in module dashactivity [] []
[2021-03-31 11:09:45] app.INFO: Module dashactivity has no vendor folder [] []
[2021-03-31 11:09:46] app.INFO: Protect vendor folder in module dashgoals [] []
[2021-03-31 11:09:46] app.INFO: Module dashgoals has no vendor folder [] []
[2021-03-31 11:09:46] app.INFO: Protect vendor folder in module dashproducts [] []
[2021-03-31 11:09:46] app.INFO: Module dashproducts has no vendor folder [] []
[2021-03-31 11:09:46] app.INFO: Protect vendor folder in module dashtrends [] []
[2021-03-31 11:09:46] app.INFO: Module dashtrends has no vendor folder [] []
[2021-03-31 11:09:46] app.INFO: Protect vendor folder in module graphnvd3 [] []
[2021-03-31 11:09:46] app.INFO: Module graphnvd3 has no vendor folder [] []
[2021-03-31 11:09:47] app.INFO: Protect vendor folder in module gridhtml [] []
[2021-03-31 11:09:47] app.INFO: Module gridhtml has no vendor folder [] []
[2021-03-31 11:09:47] app.INFO: Protect vendor folder in module gsitemap [] []
[2021-03-31 11:09:47] app.INFO: Module gsitemap has no vendor folder [] []
[2021-03-31 11:09:47] app.INFO: Protect vendor folder in module pagesnotfound [] []
[2021-03-31 11:09:47] app.INFO: Module pagesnotfound has no vendor folder [] []
[2021-03-31 11:09:47] app.INFO: Protect vendor folder in module productcomments [] []
[2021-03-31 11:09:47] app.INFO: Module productcomments has no vendor folder [] []
[2021-03-31 11:09:48] app.INFO: Protect vendor folder in module ps_banner [] []
[2021-03-31 11:09:48] app.INFO: Module ps_banner has no vendor folder [] []
[2021-03-31 11:09:48] app.INFO: Protect vendor folder in module ps_categorytree [] []
[2021-03-31 11:09:48] app.INFO: Module ps_categorytree has no vendor folder [] []
[2021-03-31 11:09:48] app.INFO: Protect vendor folder in module ps_checkpayment [] []
[2021-03-31 11:09:48] app.INFO: Module ps_checkpayment has no vendor folder [] []
[2021-03-31 11:09:48] app.INFO: Protect vendor folder in module ps_contactinfo [] []
[2021-03-31 11:09:48] app.INFO: Module ps_contactinfo has no vendor folder [] []
[2021-03-31 11:09:48] app.INFO: Protect vendor folder in module ps_crossselling [] []
[2021-03-31 11:09:48] app.INFO: Module ps_crossselling has no vendor folder [] []
[2021-03-31 11:09:48] app.INFO: Protect vendor folder in module ps_currencyselector [] []
[2021-03-31 11:09:48] app.INFO: Module ps_currencyselector has no vendor folder [] []
[2021-03-31 11:09:48] app.INFO: Protect vendor folder in module ps_customeraccountlinks [] []
[2021-03-31 11:09:49] app.INFO: Module ps_customeraccountlinks has no vendor folder [] []
[2021-03-31 11:09:49] app.INFO: Protect vendor folder in module ps_customersignin [] []
[2021-03-31 11:09:49] app.INFO: Module ps_customersignin has no vendor folder [] []
[2021-03-31 11:09:49] app.INFO: Protect vendor folder in module ps_customtext [] []
[2021-03-31 11:09:49] app.INFO: Module ps_customtext has no vendor folder [] []
[2021-03-31 11:09:49] app.INFO: Protect vendor folder in module ps_dataprivacy [] []
[2021-03-31 11:09:49] app.INFO: Module ps_dataprivacy has no vendor folder [] []
[2021-03-31 11:09:49] app.INFO: Protect vendor folder in module ps_emailsubscription [] []
[2021-03-31 11:09:49] app.INFO: Module ps_emailsubscription has no vendor folder [] []
[2021-03-31 11:09:51] app.INFO: Protect vendor folder in module ps_facetedsearch [] []
[2021-03-31 11:09:51] app.INFO: Module ps_facetedsearch has no vendor folder [] []
[2021-03-31 11:09:51] app.INFO: Protect vendor folder in module ps_faviconnotificationbo [] []
[2021-03-31 11:09:51] app.INFO: Module ps_faviconnotificationbo has no vendor folder [] []
[2021-03-31 11:09:51] app.INFO: Protect vendor folder in module ps_featuredproducts [] []
[2021-03-31 11:09:51] app.INFO: Module ps_featuredproducts has no vendor folder [] []
[2021-03-31 11:09:52] app.INFO: Protect vendor folder in module ps_imageslider [] []
[2021-03-31 11:09:52] app.INFO: Module ps_imageslider has no vendor folder [] []
[2021-03-31 11:09:52] app.INFO: Protect vendor folder in module ps_languageselector [] []
[2021-03-31 11:09:52] app.INFO: Module ps_languageselector has no vendor folder [] []
[2021-03-31 11:09:52] app.INFO: Protect vendor folder in module ps_linklist [] []
[2021-03-31 11:09:52] app.INFO: Module ps_linklist has no vendor folder [] []
[2021-03-31 11:09:52] app.ERROR: Cannot register tab "AdminLinkWidget" because it already exists [] []
[2021-03-31 11:09:53] app.INFO: Protect vendor folder in module ps_mainmenu [] []
[2021-03-31 11:09:53] app.INFO: Module ps_mainmenu has no vendor folder [] []
[2021-03-31 11:09:53] app.INFO: Protect vendor folder in module ps_searchbar [] []
[2021-03-31 11:09:53] app.INFO: Module ps_searchbar has no vendor folder [] []
[2021-03-31 11:09:53] app.INFO: Protect vendor folder in module ps_sharebuttons [] []
[2021-03-31 11:09:53] app.INFO: Module ps_sharebuttons has no vendor folder [] []
[2021-03-31 11:09:53] app.INFO: Protect vendor folder in module ps_shoppingcart [] []
[2021-03-31 11:09:53] app.INFO: Module ps_shoppingcart has no vendor folder [] []
[2021-03-31 11:09:53] app.INFO: Protect vendor folder in module ps_socialfollow [] []
[2021-03-31 11:09:53] app.INFO: Module ps_socialfollow has no vendor folder [] []
[2021-03-31 11:09:54] app.INFO: Protect vendor folder in module ps_themecusto [] []
[2021-03-31 11:09:54] app.INFO: Module ps_themecusto has no vendor folder [] []
[2021-03-31 11:09:54] app.INFO: Protect vendor folder in module ps_wirepayment [] []
[2021-03-31 11:09:54] app.INFO: Module ps_wirepayment has no vendor folder [] []
[2021-03-31 11:09:54] app.INFO: Protect vendor folder in module sekeywords [] []
[2021-03-31 11:09:54] app.INFO: Module sekeywords has no vendor folder [] []
[2021-03-31 11:09:54] app.INFO: Protect vendor folder in module statsbestcategories [] []
[2021-03-31 11:09:54] app.INFO: Module statsbestcategories has no vendor folder [] []
[2021-03-31 11:09:54] app.INFO: Protect vendor folder in module statsbestcustomers [] []
[2021-03-31 11:09:54] app.INFO: Module statsbestcustomers has no vendor folder [] []
[2021-03-31 11:09:54] app.INFO: Protect vendor folder in module statsbestproducts [] []
[2021-03-31 11:09:54] app.INFO: Module statsbestproducts has no vendor folder [] []
[2021-03-31 11:09:54] app.INFO: Protect vendor folder in module statsbestsuppliers [] []
[2021-03-31 11:09:54] app.INFO: Module statsbestsuppliers has no vendor folder [] []
[2021-03-31 11:09:55] app.INFO: Protect vendor folder in module statsbestvouchers [] []
[2021-03-31 11:09:55] app.INFO: Module statsbestvouchers has no vendor folder [] []
[2021-03-31 11:09:55] app.INFO: Protect vendor folder in module statscarrier [] []
[2021-03-31 11:09:55] app.INFO: Module statscarrier has no vendor folder [] []
[2021-03-31 11:09:55] app.INFO: Protect vendor folder in module statscatalog [] []
[2021-03-31 11:09:55] app.INFO: Module statscatalog has no vendor folder [] []
[2021-03-31 11:09:55] app.INFO: Protect vendor folder in module statscheckup [] []
[2021-03-31 11:09:55] app.INFO: Module statscheckup has no vendor folder [] []
[2021-03-31 11:09:55] app.INFO: Protect vendor folder in module statsdata [] []
[2021-03-31 11:09:55] app.INFO: Module statsdata has no vendor folder [] []
[2021-03-31 11:09:55] app.INFO: Protect vendor folder in module statsequipment [] []
[2021-03-31 11:09:55] app.INFO: Module statsequipment has no vendor folder [] []
[2021-03-31 11:09:55] app.INFO: Protect vendor folder in module statsforecast [] []
[2021-03-31 11:09:55] app.INFO: Module statsforecast has no vendor folder [] []
[2021-03-31 11:09:55] app.INFO: Protect vendor folder in module statslive [] []
[2021-03-31 11:09:55] app.INFO: Module statslive has no vendor folder [] []
[2021-03-31 11:09:56] app.INFO: Protect vendor folder in module statsnewsletter [] []
[2021-03-31 11:09:56] app.INFO: Module statsnewsletter has no vendor folder [] []
[2021-03-31 11:09:56] app.INFO: Protect vendor folder in module statsorigin [] []
[2021-03-31 11:09:56] app.INFO: Module statsorigin has no vendor folder [] []
[2021-03-31 11:09:56] app.INFO: Protect vendor folder in module statspersonalinfos [] []
[2021-03-31 11:09:56] app.INFO: Module statspersonalinfos has no vendor folder [] []
[2021-03-31 11:09:56] app.INFO: Protect vendor folder in module statsproduct [] []
[2021-03-31 11:09:56] app.INFO: Module statsproduct has no vendor folder [] []
[2021-03-31 11:09:56] app.INFO: Protect vendor folder in module statsregistrations [] []
[2021-03-31 11:09:56] app.INFO: Module statsregistrations has no vendor folder [] []
[2021-03-31 11:09:56] app.INFO: Protect vendor folder in module statssales [] []
[2021-03-31 11:09:56] app.INFO: Module statssales has no vendor folder [] []
[2021-03-31 11:09:56] app.INFO: Protect vendor folder in module statssearch [] []
[2021-03-31 11:09:56] app.INFO: Module statssearch has no vendor folder [] []
[2021-03-31 11:09:56] app.INFO: Protect vendor folder in module statsstock [] []
[2021-03-31 11:09:56] app.INFO: Module statsstock has no vendor folder [] []
[2021-03-31 11:09:57] app.INFO: Protect vendor folder in module statsvisits [] []
[2021-03-31 11:09:57] app.INFO: Module statsvisits has no vendor folder [] []
[2021-03-31 11:09:57] app.INFO: Protect vendor folder in module welcome [] []
[2021-03-31 11:09:57] app.INFO: Module welcome has no vendor folder [] []
[2021-03-31 11:09:59] app.INFO: Exporting mail with theme modern for language English (English) [] []
[2021-03-31 11:09:59] app.INFO: Core output folder: /var/www/html/prestashop/mails [] []
[2021-03-31 11:09:59] app.INFO: Modules output folder: /var/www/html/prestashop/modules/ [] []
[2021-03-31 11:20:11] app.INFO: Protect vendor folder in module contactform [] []
[2021-03-31 11:20:11] app.INFO: Module contactform has no vendor folder [] []
[2021-03-31 11:20:12] app.INFO: Protect vendor folder in module dashactivity [] []
[2021-03-31 11:20:12] app.INFO: Module dashactivity has no vendor folder [] []
[2021-03-31 11:20:13] app.INFO: Protect vendor folder in module dashgoals [] []
[2021-03-31 11:20:13] app.INFO: Module dashgoals has no vendor folder [] []
[2021-03-31 11:20:13] app.INFO: Protect vendor folder in module dashproducts [] []
[2021-03-31 11:20:13] app.INFO: Module dashproducts has no vendor folder [] []
[2021-03-31 11:20:13] app.INFO: Protect vendor folder in module dashtrends [] []
[2021-03-31 11:20:13] app.INFO: Module dashtrends has no vendor folder [] []
[2021-03-31 11:20:14] app.INFO: Protect vendor folder in module graphnvd3 [] []
[2021-03-31 11:20:14] app.INFO: Module graphnvd3 has no vendor folder [] []
[2021-03-31 11:20:14] app.INFO: Protect vendor folder in module gridhtml [] []
[2021-03-31 11:20:14] app.INFO: Module gridhtml has no vendor folder [] []
[2021-03-31 11:20:14] app.INFO: Protect vendor folder in module gsitemap [] []
[2021-03-31 11:20:14] app.INFO: Module gsitemap has no vendor folder [] []
[2021-03-31 11:20:14] app.INFO: Protect vendor folder in module pagesnotfound [] []
[2021-03-31 11:20:14] app.INFO: Module pagesnotfound has no vendor folder [] []
[2021-03-31 11:20:15] app.INFO: Protect vendor folder in module productcomments [] []
[2021-03-31 11:20:15] app.INFO: Module productcomments has no vendor folder [] []
[2021-03-31 11:20:15] app.INFO: Protect vendor folder in module ps_banner [] []
[2021-03-31 11:20:15] app.INFO: Module ps_banner has no vendor folder [] []
[2021-03-31 11:20:15] app.INFO: Protect vendor folder in module ps_categorytree [] []
[2021-03-31 11:20:15] app.INFO: Module ps_categorytree has no vendor folder [] []
[2021-03-31 11:20:16] app.INFO: Protect vendor folder in module ps_checkpayment [] []
[2021-03-31 11:20:16] app.INFO: Module ps_checkpayment has no vendor folder [] []
[2021-03-31 11:20:16] app.INFO: Protect vendor folder in module ps_contactinfo [] []
[2021-03-31 11:20:16] app.INFO: Module ps_contactinfo has no vendor folder [] []
[2021-03-31 11:20:16] app.INFO: Protect vendor folder in module ps_crossselling [] []
[2021-03-31 11:20:16] app.INFO: Module ps_crossselling has no vendor folder [] []
[2021-03-31 11:20:16] app.INFO: Protect vendor folder in module ps_currencyselector [] []
[2021-03-31 11:20:16] app.INFO: Module ps_currencyselector has no vendor folder [] []
[2021-03-31 11:20:16] app.INFO: Protect vendor folder in module ps_customeraccountlinks [] []
[2021-03-31 11:20:16] app.INFO: Module ps_customeraccountlinks has no vendor folder [] []
[2021-03-31 11:20:16] app.INFO: Protect vendor folder in module ps_customersignin [] []
[2021-03-31 11:20:16] app.INFO: Module ps_customersignin has no vendor folder [] []
[2021-03-31 11:20:17] app.INFO: Protect vendor folder in module ps_customtext [] []
[2021-03-31 11:20:17] app.INFO: Module ps_customtext has no vendor folder [] []
[2021-03-31 11:20:17] app.INFO: Protect vendor folder in module ps_dataprivacy [] []
[2021-03-31 11:20:17] app.INFO: Module ps_dataprivacy has no vendor folder [] []
[2021-03-31 11:20:17] app.INFO: Protect vendor folder in module ps_emailsubscription [] []
[2021-03-31 11:20:17] app.INFO: Module ps_emailsubscription has no vendor folder [] []
[2021-03-31 11:20:18] app.INFO: Protect vendor folder in module ps_facetedsearch [] []
[2021-03-31 11:20:18] app.INFO: Module ps_facetedsearch has no vendor folder [] []
[2021-03-31 11:20:19] app.INFO: Protect vendor folder in module ps_faviconnotificationbo [] []
[2021-03-31 11:20:19] app.INFO: Module ps_faviconnotificationbo has no vendor folder [] []
[2021-03-31 11:20:19] app.INFO: Protect vendor folder in module ps_featuredproducts [] []
[2021-03-31 11:20:19] app.INFO: Module ps_featuredproducts has no vendor folder [] []
[2021-03-31 11:20:19] app.INFO: Protect vendor folder in module ps_imageslider [] []
[2021-03-31 11:20:19] app.INFO: Module ps_imageslider has no vendor folder [] []
[2021-03-31 11:20:19] app.INFO: Protect vendor folder in module ps_languageselector [] []
[2021-03-31 11:20:19] app.INFO: Module ps_languageselector has no vendor folder [] []
[2021-03-31 11:20:20] app.INFO: Protect vendor folder in module ps_linklist [] []
[2021-03-31 11:20:20] app.INFO: Module ps_linklist has no vendor folder [] []
[2021-03-31 11:20:20] app.ERROR: Cannot register tab "AdminLinkWidget" because it already exists [] []
[2021-03-31 11:20:20] app.INFO: Protect vendor folder in module ps_mainmenu [] []
[2021-03-31 11:20:20] app.INFO: Module ps_mainmenu has no vendor folder [] []
[2021-03-31 11:20:20] app.INFO: Protect vendor folder in module ps_searchbar [] []
[2021-03-31 11:20:20] app.INFO: Module ps_searchbar has no vendor folder [] []
[2021-03-31 11:20:20] app.INFO: Protect vendor folder in module ps_sharebuttons [] []
[2021-03-31 11:20:21] app.INFO: Module ps_sharebuttons has no vendor folder [] []
[2021-03-31 11:20:21] app.INFO: Protect vendor folder in module ps_shoppingcart [] []
[2021-03-31 11:20:21] app.INFO: Module ps_shoppingcart has no vendor folder [] []
[2021-03-31 11:20:21] app.INFO: Protect vendor folder in module ps_socialfollow [] []
[2021-03-31 11:20:21] app.INFO: Module ps_socialfollow has no vendor folder [] []
[2021-03-31 11:20:21] app.INFO: Protect vendor folder in module ps_themecusto [] []
[2021-03-31 11:20:21] app.INFO: Module ps_themecusto has no vendor folder [] []
[2021-03-31 11:20:21] app.INFO: Protect vendor folder in module ps_wirepayment [] []
[2021-03-31 11:20:21] app.INFO: Module ps_wirepayment has no vendor folder [] []
[2021-03-31 11:20:22] app.INFO: Protect vendor folder in module sekeywords [] []
[2021-03-31 11:20:22] app.INFO: Module sekeywords has no vendor folder [] []
[2021-03-31 11:20:22] app.INFO: Protect vendor folder in module statsbestcategories [] []
[2021-03-31 11:20:22] app.INFO: Module statsbestcategories has no vendor folder [] []
[2021-03-31 11:20:22] app.INFO: Protect vendor folder in module statsbestcustomers [] []
[2021-03-31 11:20:22] app.INFO: Module statsbestcustomers has no vendor folder [] []
[2021-03-31 11:20:22] app.INFO: Protect vendor folder in module statsbestproducts [] []
[2021-03-31 11:20:22] app.INFO: Module statsbestproducts has no vendor folder [] []
[2021-03-31 11:20:22] app.INFO: Protect vendor folder in module statsbestsuppliers [] []
[2021-03-31 11:20:22] app.INFO: Module statsbestsuppliers has no vendor folder [] []
[2021-03-31 11:20:22] app.INFO: Protect vendor folder in module statsbestvouchers [] []
[2021-03-31 11:20:22] app.INFO: Module statsbestvouchers has no vendor folder [] []
[2021-03-31 11:20:22] app.INFO: Protect vendor folder in module statscarrier [] []
[2021-03-31 11:20:22] app.INFO: Module statscarrier has no vendor folder [] []
[2021-03-31 11:20:22] app.INFO: Protect vendor folder in module statscatalog [] []
[2021-03-31 11:20:22] app.INFO: Module statscatalog has no vendor folder [] []
[2021-03-31 11:20:22] app.INFO: Protect vendor folder in module statscheckup [] []
[2021-03-31 11:20:22] app.INFO: Module statscheckup has no vendor folder [] []
[2021-03-31 11:20:23] app.INFO: Protect vendor folder in module statsdata [] []
[2021-03-31 11:20:23] app.INFO: Module statsdata has no vendor folder [] []
[2021-03-31 11:20:23] app.INFO: Protect vendor folder in module statsequipment [] []
[2021-03-31 11:20:23] app.INFO: Module statsequipment has no vendor folder [] []
[2021-03-31 11:20:23] app.INFO: Protect vendor folder in module statsforecast [] []
[2021-03-31 11:20:23] app.INFO: Module statsforecast has no vendor folder [] []
[2021-03-31 11:20:23] app.INFO: Protect vendor folder in module statslive [] []
[2021-03-31 11:20:23] app.INFO: Module statslive has no vendor folder [] []
[2021-03-31 11:20:23] app.INFO: Protect vendor folder in module statsnewsletter [] []
[2021-03-31 11:20:23] app.INFO: Module statsnewsletter has no vendor folder [] []
[2021-03-31 11:20:23] app.INFO: Protect vendor folder in module statsorigin [] []
[2021-03-31 11:20:23] app.INFO: Module statsorigin has no vendor folder [] []
[2021-03-31 11:20:23] app.INFO: Protect vendor folder in module statspersonalinfos [] []
[2021-03-31 11:20:23] app.INFO: Module statspersonalinfos has no vendor folder [] []
[2021-03-31 11:20:23] app.INFO: Protect vendor folder in module statsproduct [] []
[2021-03-31 11:20:23] app.INFO: Module statsproduct has no vendor folder [] []
[2021-03-31 11:20:24] app.INFO: Protect vendor folder in module statsregistrations [] []
[2021-03-31 11:20:24] app.INFO: Module statsregistrations has no vendor folder [] []
[2021-03-31 11:20:24] app.INFO: Protect vendor folder in module statssales [] []
[2021-03-31 11:20:24] app.INFO: Module statssales has no vendor folder [] []
[2021-03-31 11:20:24] app.INFO: Protect vendor folder in module statssearch [] []
[2021-03-31 11:20:24] app.INFO: Module statssearch has no vendor folder [] []
[2021-03-31 11:20:24] app.INFO: Protect vendor folder in module statsstock [] []
[2021-03-31 11:20:24] app.INFO: Module statsstock has no vendor folder [] []
[2021-03-31 11:20:24] app.INFO: Protect vendor folder in module statsvisits [] []
[2021-03-31 11:20:24] app.INFO: Module statsvisits has no vendor folder [] []
[2021-03-31 11:20:24] app.INFO: Protect vendor folder in module welcome [] []
[2021-03-31 11:20:24] app.INFO: Module welcome has no vendor folder [] []
[2021-03-31 11:20:26] app.INFO: Exporting mail with theme modern for language English (English) [] []
[2021-03-31 11:20:26] app.INFO: Core output folder: /var/www/html/prestashop/mails [] []
[2021-03-31 11:20:26] app.INFO: Modules output folder: /var/www/html/prestashop/modules/ [] []
[2021-03-31 11:21:55] app.ERROR: Data from PrestaShop Addons is invalid, and cannot fallback on cache.  {"exception":"cURL error 28: Operation timed out after 5000 milliseconds with 440467 bytes received"} []
[2021-03-31 11:21:57] app.INFO: Protect vendor folder in module ps_facetedsearch [] []
[2021-03-31 11:21:57] app.INFO: Module ps_facetedsearch has no vendor folder [] []
[2021-03-31 11:29:32] request.INFO: Matched route "admin_product_form". {"route":"admin_product_form","route_parameters":{"_controller":"PrestaShopBundle\\Controller\\Admin\\ProductController::formAction","_legacy_controller":"AdminProducts","_legacy_param_mapper_class":"PrestaShop\\PrestaShop\\Adapter\\Product\\AdminProductDataProvider","_legacy_param_mapper_method":"mapLegacyParametersProductForm","id":"20","_route":"admin_product_form"},"request_uri":"http://localhost/prestashop/admin876j0mvg3/index.php/sell/catalog/products/20?_token=I4UqagKzqIWw1uaOARc9rIaBGrwLoM4RAD-o3NoC-18","method":"GET"} []
[2021-03-31 11:29:32] security.DEBUG: Read existing security token from the session. {"key":"_security_main","token_class":"Symfony\\Component\\Security\\Core\\Authentication\\Token\\UsernamePasswordToken"} []
[2021-03-31 11:29:32] security.DEBUG: User was reloaded from a user provider. {"provider":"PrestaShopBundle\\Security\\Admin\\EmployeeProvider","username":"edi@binshops.com"} []
[2021-03-31 11:29:37] app.ERROR: Data from PrestaShop Addons is invalid, and cannot fallback on cache.  {"exception":"cURL error 28: Operation timed out after 5000 milliseconds with 13621 bytes received"} []
[2021-03-31 11:29:37] security.DEBUG: Stored the security token in the session. {"key":"_security_main"} []
[2021-04-05 12:47:11] request.INFO: Matched route "admin_module_import". {"route":"admin_module_import","route_parameters":{"module_name":null,"_controller":"PrestaShopBundle\\Controller\\Admin\\Improve\\ModuleController::importModuleAction","_route":"admin_module_import"},"request_uri":"http://localhost/prestashop/admin876j0mvg3/index.php/improve/modules/import?_token=vOxKeUrRK5qVMOqs6YKxUNr2SEtLfCsYbrB-3A6-xQ4","method":"POST"} []
[2021-04-05 12:47:11] security.DEBUG: Read existing security token from the session. {"key":"_security_main","token_class":"Symfony\\Component\\Security\\Core\\Authentication\\Token\\UsernamePasswordToken"} []
[2021-04-05 12:47:11] security.DEBUG: User was reloaded from a user provider. {"provider":"PrestaShopBundle\\Security\\Admin\\EmployeeProvider","username":"edi@binshops.com"} []
[2021-04-05 12:47:11] request.CRITICAL: Uncaught PHP Exception Symfony\Component\Debug\Exception\FatalErrorException: "Compile Error: require(): Failed opening required '/var/www/html/prestashop/var/cache/prod/ContainerHtefpxq/getSecurity_Access_ExpressionVoterService.php' (include_path='/var/www/html/prestashop/vendor/pear/pear_exception:/var/www/html/prestashop/vendor/pear/console_getopt:/var/www/html/prestashop/vendor/pear/pear-core-minimal/src:/var/www/html/prestashop/vendor/pear/archive_tar:.:/usr/share/php')" at /var/www/html/prestashop/var/cache/prod/ContainerHtefpxq/appProdProjectContainer.php line 2230 {"exception":"[object] (Symfony\\Component\\Debug\\Exception\\FatalErrorException(code: 0): Compile Error: require(): Failed opening required '/var/www/html/prestashop/var/cache/prod/ContainerHtefpxq/getSecurity_Access_ExpressionVoterService.php' (include_path='/var/www/html/prestashop/vendor/pear/pear_exception:/var/www/html/prestashop/vendor/pear/console_getopt:/var/www/html/prestashop/vendor/pear/pear-core-minimal/src:/var/www/html/prestashop/vendor/pear/archive_tar:.:/usr/share/php') at /var/www/html/prestashop/var/cache/prod/ContainerHtefpxq/appProdProjectContainer.php:2230)"} []
[2021-04-05 12:47:11] security.DEBUG: Stored the security token in the session. {"key":"_security_main"} []
[2021-04-05 12:47:22] request.INFO: Matched route "admin_module_import". {"route":"admin_module_import","route_parameters":{"module_name":null,"_controller":"PrestaShopBundle\\Controller\\Admin\\Improve\\ModuleController::importModuleAction","_route":"admin_module_import"},"request_uri":"http://localhost/prestashop/admin876j0mvg3/index.php/improve/modules/import?_token=vOxKeUrRK5qVMOqs6YKxUNr2SEtLfCsYbrB-3A6-xQ4","method":"POST"} []
[2021-04-05 12:47:22] security.DEBUG: Read existing security token from the session. {"key":"_security_main","token_class":"Symfony\\Component\\Security\\Core\\Authentication\\Token\\UsernamePasswordToken"} []
[2021-04-05 12:47:22] security.DEBUG: User was reloaded from a user provider. {"provider":"PrestaShopBundle\\Security\\Admin\\EmployeeProvider","username":"edi@binshops.com"} []
[2021-04-05 12:47:28] app.ERROR: Data from PrestaShop Addons is invalid, and cannot fallback on cache.  {"exception":"cURL error 28: Operation timed out after 5000 milliseconds with 42581 bytes received"} []
[2021-04-05 12:47:31] app.INFO: Protect vendor folder in module creativeelements [] []
[2021-04-05 12:47:31] app.INFO: Module creativeelements has no vendor folder [] []
[2021-04-05 12:47:31] security.DEBUG: Stored the security token in the session. {"key":"_security_main"} []
[2021-04-05 12:55:02] request.INFO: Matched route "admin_module_import". {"route":"admin_module_import","route_parameters":{"module_name":null,"_controller":"PrestaShopBundle\\Controller\\Admin\\Improve\\ModuleController::importModuleAction","_route":"admin_module_import"},"request_uri":"http://localhost/prestashop/admin876j0mvg3/index.php/improve/modules/import?_token=vOxKeUrRK5qVMOqs6YKxUNr2SEtLfCsYbrB-3A6-xQ4","method":"POST"} []
[2021-04-05 12:55:02] security.DEBUG: Read existing security token from the session. {"key":"_security_main","token_class":"Symfony\\Component\\Security\\Core\\Authentication\\Token\\UsernamePasswordToken"} []
[2021-04-05 12:55:02] security.DEBUG: User was reloaded from a user provider. {"provider":"PrestaShopBundle\\Security\\Admin\\EmployeeProvider","username":"edi@binshops.com"} []
[2021-04-05 12:55:07] app.ERROR: Data from PrestaShop Addons is invalid, and cannot fallback on cache.  {"exception":"cURL error 28: Resolving timed out after 5000 milliseconds"} []
[2021-04-05 12:57:18] security.DEBUG: Stored the security token in the session. {"key":"_security_main"} []
[2021-04-05 13:34:27] request.INFO: Matched route "admin_module_import". {"route":"admin_module_import","route_parameters":{"module_name":null,"_controller":"PrestaShopBundle\\Controller\\Admin\\Improve\\ModuleController::importModuleAction","_route":"admin_module_import"},"request_uri":"http://localhost/prestashop/admin876j0mvg3/index.php/improve/modules/import?_token=vOxKeUrRK5qVMOqs6YKxUNr2SEtLfCsYbrB-3A6-xQ4","method":"POST"} []
[2021-04-05 13:34:27] security.DEBUG: Read existing security token from the session. {"key":"_security_main","token_class":"Symfony\\Component\\Security\\Core\\Authentication\\Token\\UsernamePasswordToken"} []
[2021-04-05 13:34:27] security.DEBUG: User was reloaded from a user provider. {"provider":"PrestaShopBundle\\Security\\Admin\\EmployeeProvider","username":"edi@binshops.com"} []
[2021-04-05 13:34:32] app.ERROR: Data from PrestaShop Addons is invalid, and cannot fallback on cache.  {"exception":"cURL error 28: Operation timed out after 5000 milliseconds with 648771 bytes received"} []
[2021-04-05 13:34:33] app.INFO: Protect vendor folder in module simpleimportproduct [] []
[2021-04-05 13:34:33] app.INFO: Module simpleimportproduct has no vendor folder [] []
[2021-04-05 13:34:33] security.DEBUG: Stored the security token in the session. {"key":"_security_main"} []
[2021-04-10 18:46:55] request.INFO: Matched route "admin_module_manage". {"route":"admin_module_manage","route_parameters":{"category":null,"keyword":null,"_controller":"PrestaShopBundle\\Controller\\Admin\\Improve\\ModuleController::manageAction","_legacy_controller":"AdminModulesManage","_legacy_link":["AdminModulesManage","AdminModulesSf"],"_route":"admin_module_manage"},"request_uri":"http://localhost/prestashop/admin876j0mvg3/index.php/improve/modules/manage?_token=6EU7gE2YFsU7fEDyrv1PRtjxJrmNRUy8gORiF3itEhA","method":"GET"} []
[2021-04-10 18:46:55] security.DEBUG: Read existing security token from the session. {"key":"_security_main","token_class":"Symfony\\Component\\Security\\Core\\Authentication\\Token\\UsernamePasswordToken"} []
[2021-04-10 18:46:55] security.DEBUG: User was reloaded from a user provider. {"provider":"PrestaShopBundle\\Security\\Admin\\EmployeeProvider","username":"edi@binshops.com"} []
[2021-04-10 18:47:00] app.ERROR: Data from PrestaShop Addons is invalid, and cannot fallback on cache.  {"exception":"cURL error 28: Operation timed out after 5000 milliseconds with 468547 bytes received"} []
[2021-04-10 18:47:00] security.DEBUG: Stored the security token in the session. {"key":"_security_main"} []
[2021-04-12 14:30:41] request.INFO: Matched route "admin_module_manage". {"route":"admin_module_manage","route_parameters":{"category":null,"keyword":null,"_controller":"PrestaShopBundle\\Controller\\Admin\\Improve\\ModuleController::manageAction","_legacy_controller":"AdminModulesManage","_legacy_link":["AdminModulesManage","AdminModulesSf"],"_route":"admin_module_manage"},"request_uri":"http://localhost/prestashop/admin876j0mvg3/index.php/improve/modules/manage?_token=uHt248JCXsmcdRZ8VB48XZFQYTUmkG0tHBxuxn2kHeU","method":"GET"} []
[2021-04-12 14:30:41] security.DEBUG: Read existing security token from the session. {"key":"_security_main","token_class":"Symfony\\Component\\Security\\Core\\Authentication\\Token\\UsernamePasswordToken"} []
[2021-04-12 14:30:41] security.DEBUG: User was reloaded from a user provider. {"provider":"PrestaShopBundle\\Security\\Admin\\EmployeeProvider","username":"edi@binshops.com"} []
[2021-04-12 14:30:46] app.ERROR: Data from PrestaShop Addons is invalid, and cannot fallback on cache.  {"exception":"cURL error 28: Operation timed out after 5001 milliseconds with 0 out of 0 bytes received"} []
[2021-04-12 14:30:47] security.DEBUG: Stored the security token in the session. {"key":"_security_main"} []
[2021-04-12 14:30:45] request.INFO: Matched route "admin_module_manage". {"route":"admin_module_manage","route_parameters":{"category":null,"keyword":null,"_controller":"PrestaShopBundle\\Controller\\Admin\\Improve\\ModuleController::manageAction","_legacy_controller":"AdminModulesManage","_legacy_link":["AdminModulesManage","AdminModulesSf"],"_route":"admin_module_manage"},"request_uri":"http://localhost/prestashop/admin876j0mvg3/index.php/improve/modules/manage?_token=uHt248JCXsmcdRZ8VB48XZFQYTUmkG0tHBxuxn2kHeU","method":"GET"} []
[2021-04-12 14:30:47] security.DEBUG: Read existing security token from the session. {"key":"_security_main","token_class":"Symfony\\Component\\Security\\Core\\Authentication\\Token\\UsernamePasswordToken"} []
[2021-04-12 14:30:47] security.DEBUG: User was reloaded from a user provider. {"provider":"PrestaShopBundle\\Security\\Admin\\EmployeeProvider","username":"edi@binshops.com"} []
[2021-04-12 14:30:52] app.ERROR: Data from PrestaShop Addons is invalid, and cannot fallback on cache.  {"exception":"cURL error 28: Operation timed out after 5000 milliseconds with 0 out of 0 bytes received"} []
[2021-04-12 14:30:52] security.DEBUG: Stored the security token in the session. {"key":"_security_main"} []
[2021-04-12 14:30:51] request.INFO: Matched route "admin_module_manage". {"route":"admin_module_manage","route_parameters":{"category":null,"keyword":null,"_controller":"PrestaShopBundle\\Controller\\Admin\\Improve\\ModuleController::manageAction","_legacy_controller":"AdminModulesManage","_legacy_link":["AdminModulesManage","AdminModulesSf"],"_route":"admin_module_manage"},"request_uri":"http://localhost/prestashop/admin876j0mvg3/index.php/improve/modules/manage?_token=uHt248JCXsmcdRZ8VB48XZFQYTUmkG0tHBxuxn2kHeU","method":"GET"} []
[2021-04-12 14:30:52] security.DEBUG: Read existing security token from the session. {"key":"_security_main","token_class":"Symfony\\Component\\Security\\Core\\Authentication\\Token\\UsernamePasswordToken"} []
[2021-04-12 14:30:52] security.DEBUG: User was reloaded from a user provider. {"provider":"PrestaShopBundle\\Security\\Admin\\EmployeeProvider","username":"edi@binshops.com"} []
[2021-04-12 14:30:57] app.ERROR: Data from PrestaShop Addons is invalid, and cannot fallback on cache.  {"exception":"cURL error 28: Connection timed out after 5001 milliseconds"} []
[2021-04-12 14:30:58] security.DEBUG: Stored the security token in the session. {"key":"_security_main"} []
[2021-04-12 14:30:59] request.INFO: Matched route "admin_module_notification_count". {"route":"admin_module_notification_count","route_parameters":{"_controller":"PrestaShopBundle\\Controller\\Admin\\Improve\\Modules\\AlertsController::notificationsCountAction","_legacy_controller":"AdminModulesNotifications","_legacy_link":"AdminModulesNotifications:count","_route":"admin_module_notification_count"},"request_uri":"http://localhost/prestashop/admin876j0mvg3/index.php/improve/modules/alerts/count?_token=uHt248JCXsmcdRZ8VB48XZFQYTUmkG0tHBxuxn2kHeU","method":"GET"} []
[2021-04-12 14:30:59] security.DEBUG: Read existing security token from the session. {"key":"_security_main","token_class":"Symfony\\Component\\Security\\Core\\Authentication\\Token\\UsernamePasswordToken"} []
[2021-04-12 14:30:59] security.DEBUG: User was reloaded from a user provider. {"provider":"PrestaShopBundle\\Security\\Admin\\EmployeeProvider","username":"edi@binshops.com"} []
[2021-04-12 14:31:05] app.ERROR: Data from PrestaShop Addons is invalid, and cannot fallback on cache.  {"exception":"cURL error 28: Resolving timed out after 5000 milliseconds"} []
[2021-04-12 14:31:05] security.DEBUG: Stored the security token in the session. {"key":"_security_main"} []
[2021-04-12 14:31:14] request.INFO: Matched route "admin_module_configure_action". {"route":"admin_module_configure_action","route_parameters":{"_controller":"PrestaShopBundle\\Controller\\Admin\\Improve\\ModuleController::configureModuleAction","_legacy_controller":"AdminModules","module_name":"ordersexport","_route":"admin_module_configure_action"},"request_uri":"http://localhost/prestashop/admin876j0mvg3/index.php/improve/modules/manage/action/configure/ordersexport?_token=uHt248JCXsmcdRZ8VB48XZFQYTUmkG0tHBxuxn2kHeU","method":"GET"} []
[2021-04-12 14:31:14] security.DEBUG: Read existing security token from the session. {"key":"_security_main","token_class":"Symfony\\Component\\Security\\Core\\Authentication\\Token\\UsernamePasswordToken"} []
[2021-04-12 14:31:14] security.DEBUG: User was reloaded from a user provider. {"provider":"PrestaShopBundle\\Security\\Admin\\EmployeeProvider","username":"edi@binshops.com"} []
[2021-04-12 14:31:19] app.ERROR: Data from PrestaShop Addons is invalid, and cannot fallback on cache.  {"exception":"cURL error 28: Operation timed out after 5000 milliseconds with 77253 bytes received"} []
[2021-04-12 14:31:20] security.DEBUG: Stored the security token in the session. {"key":"_security_main"} []
[2021-04-12 21:50:20] request.INFO: Matched route "admin_module_manage". {"route":"admin_module_manage","route_parameters":{"category":null,"keyword":null,"_controller":"PrestaShopBundle\\Controller\\Admin\\Improve\\ModuleController::manageAction","_legacy_controller":"AdminModulesManage","_legacy_link":["AdminModulesManage","AdminModulesSf"],"_route":"admin_module_manage"},"request_uri":"http://localhost/prestashop/admin876j0mvg3/index.php/improve/modules/manage?_token=tNnw3MaJRYSFVukb1_Aa1-ovNIX2RXtlHlqir4XS3N0","method":"GET"} []
[2021-04-12 21:50:20] security.DEBUG: Read existing security token from the session. {"key":"_security_main","token_class":"Symfony\\Component\\Security\\Core\\Authentication\\Token\\UsernamePasswordToken"} []
[2021-04-12 21:50:20] security.DEBUG: User was reloaded from a user provider. {"provider":"PrestaShopBundle\\Security\\Admin\\EmployeeProvider","username":"edi@binshops.com"} []
[2021-04-12 21:50:25] app.ERROR: Data from PrestaShop Addons is invalid, and cannot fallback on cache.  {"exception":"cURL error 28: Operation timed out after 5000 milliseconds with 135164 bytes received"} []
[2021-04-12 21:50:26] security.DEBUG: Stored the security token in the session. {"key":"_security_main"} []
[2021-04-12 21:50:28] request.INFO: Matched route "admin_module_notification_count". {"route":"admin_module_notification_count","route_parameters":{"_controller":"PrestaShopBundle\\Controller\\Admin\\Improve\\Modules\\AlertsController::notificationsCountAction","_legacy_controller":"AdminModulesNotifications","_legacy_link":"AdminModulesNotifications:count","_route":"admin_module_notification_count"},"request_uri":"http://localhost/prestashop/admin876j0mvg3/index.php/improve/modules/alerts/count?_token=tNnw3MaJRYSFVukb1_Aa1-ovNIX2RXtlHlqir4XS3N0","method":"GET"} []
[2021-04-12 21:50:28] security.DEBUG: Read existing security token from the session. {"key":"_security_main","token_class":"Symfony\\Component\\Security\\Core\\Authentication\\Token\\UsernamePasswordToken"} []
[2021-04-12 21:50:28] security.DEBUG: User was reloaded from a user provider. {"provider":"PrestaShopBundle\\Security\\Admin\\EmployeeProvider","username":"edi@binshops.com"} []
[2021-04-12 21:50:33] app.ERROR: Data from PrestaShop Addons is invalid, and cannot fallback on cache.  {"exception":"cURL error 28: Operation timed out after 5001 milliseconds with 13621 bytes received"} []
[2021-04-12 21:50:33] security.DEBUG: Stored the security token in the session. {"key":"_security_main"} []
[2021-04-12 21:51:47] request.INFO: Matched route "admin_module_configure_action". {"route":"admin_module_configure_action","route_parameters":{"_controller":"PrestaShopBundle\\Controller\\Admin\\Improve\\ModuleController::configureModuleAction","_legacy_controller":"AdminModules","module_name":"ordersexport","_route":"admin_module_configure_action"},"request_uri":"http://localhost/prestashop/admin876j0mvg3/index.php/improve/modules/manage/action/configure/ordersexport?_token=tNnw3MaJRYSFVukb1_Aa1-ovNIX2RXtlHlqir4XS3N0","method":"GET"} []
[2021-04-12 21:51:47] security.DEBUG: Read existing security token from the session. {"key":"_security_main","token_class":"Symfony\\Component\\Security\\Core\\Authentication\\Token\\UsernamePasswordToken"} []
[2021-04-12 21:51:47] security.DEBUG: User was reloaded from a user provider. {"provider":"PrestaShopBundle\\Security\\Admin\\EmployeeProvider","username":"edi@binshops.com"} []
[2021-04-12 21:51:52] app.ERROR: Data from PrestaShop Addons is invalid, and cannot fallback on cache.  {"exception":"cURL error 28: Operation timed out after 5000 milliseconds with 140876 bytes received"} []
[2021-04-12 21:51:52] security.DEBUG: Stored the security token in the session. {"key":"_security_main"} []
[2021-04-12 21:52:51] request.INFO: Matched route "admin_module_manage". {"route":"admin_module_manage","route_parameters":{"category":null,"keyword":null,"_controller":"PrestaShopBundle\\Controller\\Admin\\Improve\\ModuleController::manageAction","_legacy_controller":"AdminModulesManage","_legacy_link":["AdminModulesManage","AdminModulesSf"],"_route":"admin_module_manage"},"request_uri":"http://localhost/prestashop/admin876j0mvg3/index.php/improve/modules/manage?_token=tNnw3MaJRYSFVukb1_Aa1-ovNIX2RXtlHlqir4XS3N0","method":"GET"} []
[2021-04-12 21:52:51] security.DEBUG: Read existing security token from the session. {"key":"_security_main","token_class":"Symfony\\Component\\Security\\Core\\Authentication\\Token\\UsernamePasswordToken"} []
[2021-04-12 21:52:51] security.DEBUG: User was reloaded from a user provider. {"provider":"PrestaShopBundle\\Security\\Admin\\EmployeeProvider","username":"edi@binshops.com"} []
[2021-04-12 21:52:56] app.ERROR: Data from PrestaShop Addons is invalid, and cannot fallback on cache.  {"exception":"cURL error 28: Operation timed out after 5000 milliseconds with 0 out of 0 bytes received"} []
[2021-04-12 21:52:56] security.DEBUG: Stored the security token in the session. {"key":"_security_main"} []
[2021-04-12 21:52:57] request.INFO: Matched route "admin_module_notification_count". {"route":"admin_module_notification_count","route_parameters":{"_controller":"PrestaShopBundle\\Controller\\Admin\\Improve\\Modules\\AlertsController::notificationsCountAction","_legacy_controller":"AdminModulesNotifications","_legacy_link":"AdminModulesNotifications:count","_route":"admin_module_notification_count"},"request_uri":"http://localhost/prestashop/admin876j0mvg3/index.php/improve/modules/alerts/count?_token=tNnw3MaJRYSFVukb1_Aa1-ovNIX2RXtlHlqir4XS3N0","method":"GET"} []
[2021-04-12 21:52:57] security.DEBUG: Read existing security token from the session. {"key":"_security_main","token_class":"Symfony\\Component\\Security\\Core\\Authentication\\Token\\UsernamePasswordToken"} []
[2021-04-12 21:52:57] security.DEBUG: User was reloaded from a user provider. {"provider":"PrestaShopBundle\\Security\\Admin\\EmployeeProvider","username":"edi@binshops.com"} []
[2021-04-12 21:53:02] app.ERROR: Data from PrestaShop Addons is invalid, and cannot fallback on cache.  {"exception":"cURL error 28: Operation timed out after 5001 milliseconds with 0 out of 0 bytes received"} []
[2021-04-12 21:53:02] security.DEBUG: Stored the security token in the session. {"key":"_security_main"} []
[2021-04-12 21:53:01] request.INFO: Matched route "admin_module_configure_action". {"route":"admin_module_configure_action","route_parameters":{"_controller":"PrestaShopBundle\\Controller\\Admin\\Improve\\ModuleController::configureModuleAction","_legacy_controller":"AdminModules","module_name":"brandlist","_route":"admin_module_configure_action"},"request_uri":"http://localhost/prestashop/admin876j0mvg3/index.php/improve/modules/manage/action/configure/brandlist?_token=tNnw3MaJRYSFVukb1_Aa1-ovNIX2RXtlHlqir4XS3N0","method":"GET"} []
[2021-04-12 21:53:02] security.DEBUG: Read existing security token from the session. {"key":"_security_main","token_class":"Symfony\\Component\\Security\\Core\\Authentication\\Token\\UsernamePasswordToken"} []
[2021-04-12 21:53:02] security.DEBUG: User was reloaded from a user provider. {"provider":"PrestaShopBundle\\Security\\Admin\\EmployeeProvider","username":"edi@binshops.com"} []
[2021-04-12 21:53:07] app.ERROR: Data from PrestaShop Addons is invalid, and cannot fallback on cache.  {"exception":"cURL error 28: Operation timed out after 5000 milliseconds with 0 out of 0 bytes received"} []
[2021-04-12 21:53:08] security.DEBUG: Stored the security token in the session. {"key":"_security_main"} []
[2021-04-12 22:55:37] request.CRITICAL: Uncaught PHP Exception Symfony\Component\Debug\Exception\UndefinedFunctionException: "Attempted to call function "integerValidation" from the global namespace." at /var/www/html/prestashop/modules/brandlist/brandlist.php line 172 {"exception":"[object] (Symfony\\Component\\Debug\\Exception\\UndefinedFunctionException(code: 0): Attempted to call function \"integerValidation\" from the global namespace. at /var/www/html/prestashop/modules/brandlist/brandlist.php:172)"} []
